
Cadence Innovus(TM) Implementation System.
Copyright 2020 Cadence Design Systems, Inc. All rights reserved worldwide.

Version:	v20.12-s088_1, built Fri Nov 6 10:29:19 PST 2020
Options:	-overwrite -nowin -init START.tcl -log logs/run.log 
Date:		Thu Apr 13 15:24:28 2023
Host:		en-ec-ecelinux-01.coecis.cornell.edu (x86_64 w/Linux 3.10.0-1160.76.1.el7.x86_64) (1core*10cpus*Intel(R) Xeon(R) Gold 6252N CPU @ 2.30GHz 36608KB)
OS:		CentOS Linux release 7.9.2009 (Core)

License:
		invs	Innovus Implementation System	20.1	checkout succeeded
		8 CPU jobs allowed with the current license(s). Use setMultiCpuUsage to set your required CPU count.
The soft stacksize limit is either up to the hard limit or larger than 0.2% of RAM. No change is needed.

**INFO:  MMMC transition support version v31-84 

<CMD> set_global _enable_mmmc_by_default_flow      $CTE::mmmc_default
<CMD> suppressMessage ENCEXT-2799
Sourcing file "START.tcl" ...
<CMD> is_common_ui_mode
<CMD> restoreDesign /home/ezw2/ece5745/ASIC_final_subword/asic/build_final_proj_ALU/5-brg-cadence-innovus-init/checkpoints/design.checkpoint/save.enc.dat ProcDpathAluWrapper
#% Begin load design ... (date=04/13 15:24:43, mem=498.5M)
Set Default Input Pin Transition as 0.1 ps.
Loading design 'ProcDpathAluWrapper' saved by 'Innovus' '20.12-s088_1' on 'Thu Apr 13 15:24:21 2023'.
% Begin Load MMMC data ... (date=04/13 15:24:43, mem=497.7M)
% End Load MMMC data ... (date=04/13 15:24:43, total cpu=0:00:00.0, real=0:00:00.0, peak res=497.9M, current mem=497.9M)
typical

Loading LEF file ./inputs/adk/rtk-tech.lef ...

Loading LEF file ./inputs/adk/stdcells.lef ...
Set DBUPerIGU to M2 pitch 380.

viaInitial starts at Thu Apr 13 15:24:43 2023
viaInitial ends at Thu Apr 13 15:24:43 2023

##  Check design process and node:  
##  Both design process and tech node are not set.

Loading view definition file from /home/ezw2/ece5745/ASIC_final_subword/asic/build_final_proj_ALU/5-brg-cadence-innovus-init/checkpoints/design.checkpoint/save.enc.dat/viewDefinition.tcl
Reading libs_typical timing library '/classes/ece5745/install/adk-pkgs/freepdk-45nm/pkgs/NangateOpenCellLibrary_PDKv1_3_v2010_12/Front_End/Liberty/NLDM/NangateOpenCellLibrary_typical.lib' ...
Read 134 cells in library 'NangateOpenCellLibrary' 
*** End library_loading (cpu=0.01min, real=0.00min, mem=11.0M, fe_cpu=0.25min, fe_real=0.25min, fe_mem=1078.4M) ***
% Begin Load netlist data ... (date=04/13 15:24:43, mem=512.7M)
*** Begin netlist parsing (mem=1078.4M) ***
Created 134 new cells from 1 timing libraries.
Reading netlist ...
Backslashed names will retain backslash and a trailing blank character.
Reading verilogBinary netlist '/home/ezw2/ece5745/ASIC_final_subword/asic/build_final_proj_ALU/5-brg-cadence-innovus-init/checkpoints/design.checkpoint/save.enc.dat/ProcDpathAluWrapper.v.bin'
Reading binary database version 2 in 1-threaded mode

*** Memory Usage v#1 (Current mem = 1086.391M, initial mem = 389.527M) ***
*** End netlist parsing (cpu=0:00:00.0, real=0:00:00.0, mem=1086.4M) ***
% End Load netlist data ... (date=04/13 15:24:43, total cpu=0:00:00.0, real=0:00:00.0, peak res=516.9M, current mem=516.9M)
Set top cell to ProcDpathAluWrapper.
Hooked 134 DB cells to tlib cells.
Starting recursive module instantiation check.
No recursion found.
Building hierarchical netlist for Cell ProcDpathAluWrapper ...
*** Netlist is unique.
** info: there are 157 modules.
** info: there are 1625 stdCell insts.

*** Memory Usage v#1 (Current mem = 1093.805M, initial mem = 389.527M) ***
*info: set bottom ioPad orient R0
Generated pitch 1.68 in metal10 is different from 1.6 defined in technology file in preferred direction.
Generated pitch 0.84 in metal8 is different from 0.8 defined in technology file in preferred direction.
Generated pitch 0.84 in metal7 is different from 0.8 defined in technology file in preferred direction.
Set Default Net Delay as 1000 ps.
Set Default Net Load as 0.5 pF. 
Set Default Input Pin Transition as 0.1 ps.
Loading preference file /home/ezw2/ece5745/ASIC_final_subword/asic/build_final_proj_ALU/5-brg-cadence-innovus-init/checkpoints/design.checkpoint/save.enc.dat/gui.pref.tcl ...
##  Process: 45            (User Set)               
##     Node: (not set)                           

##  Check design process and node:  
##  Design tech node is not set.

Applying the recommended capacitance filtering threshold values for 45nm process node: total_c_th=0, relative_c_th=1 and coupling_c_th=0.1.
	These values will be used by all post-route extraction engines, including TQuantus, IQuantus and Quantus QRC extraction.
	Capacitance filtering mode(-capFilterMode option of the setExtractRCMode) is 'relAndCoup' for all engines.
	The accuracy mode for postRoute effortLevel low extraction will be set to 'high'.
	Default value for EffortLevel(-effortLevel option of the setExtractRCMode) in postRoute extraction mode will be 'medium' if Quantus QRC technology file is specified else 'low'.
**WARN: (IMPOPT-3602):	The specified path group name Reg2Reg is not defined.
Type 'man IMPOPT-3602' for more detail.
Effort level <high> specified for Reg2Reg path_group
**WARN: (IMPOPT-3602):	The specified path group name Reg2Out is not defined.
Type 'man IMPOPT-3602' for more detail.
Effort level <low> specified for Reg2Out path_group
**WARN: (IMPOPT-3602):	The specified path group name Reg2ClkGate is not defined.
Type 'man IMPOPT-3602' for more detail.
Effort level <low> specified for Reg2ClkGate path_group
**WARN: (IMPOPT-3602):	The specified path group name In2Reg is not defined.
Type 'man IMPOPT-3602' for more detail.
Effort level <low> specified for In2Reg path_group
**WARN: (IMPOPT-3602):	The specified path group name In2Out is not defined.
Type 'man IMPOPT-3602' for more detail.
Effort level <low> specified for In2Out path_group
Setting -ignore_DRC to 0. ViaGen will do DRC check while creating vias.
Setting -ignore_viarule_enclosure to 0. ViaGen will use enclosures defined in VIARULE GENERATE with precedence.
Setting -optimize_cross_via to 1. ViaGen will try to generate vias with the minimum enclosure.
Change floorplan default-technical-site to 'FreePDK45_38x28_10R_NP_162NW_34O'.
*Info: initialize multi-corner CTS.
Total number of combinational cells: 99
Total number of sequential cells: 29
Total number of tristate cells: 6
Total number of level shifter cells: 0
Total number of power gating cells: 0
Total number of isolation cells: 0
Total number of power switch cells: 0
Total number of pulse generator cells: 0
Total number of always on buffers: 0
Total number of retention cells: 0
List of usable buffers: BUF_X1 BUF_X2 BUF_X4 BUF_X8 BUF_X16 BUF_X32 CLKBUF_X1 CLKBUF_X2 CLKBUF_X3
Total number of usable buffers: 9
List of unusable buffers:
Total number of unusable buffers: 0
List of usable inverters: INV_X1 INV_X2 INV_X4 INV_X8 INV_X16 INV_X32
Total number of usable inverters: 6
List of unusable inverters:
Total number of unusable inverters: 0
List of identified usable delay cells:
Total number of identified usable delay cells: 0
List of identified unusable delay cells:
Total number of identified unusable delay cells: 0
No delay cells were detected in the set of buffers. Buffers will be used to fix hold violations.
Reading floorplan file - /home/ezw2/ece5745/ASIC_final_subword/asic/build_final_proj_ALU/5-brg-cadence-innovus-init/checkpoints/design.checkpoint/save.enc.dat/ProcDpathAluWrapper.fp.gz (mem = 1301.2M).
% Begin Load floorplan data ... (date=04/13 15:24:44, mem=736.2M)
*info: reset 1806 existing net BottomPreferredLayer and AvoidDetour
Deleting old partition specification.
 ... processed partition successfully.
Reading binary special route file /home/ezw2/ece5745/ASIC_final_subword/asic/build_final_proj_ALU/5-brg-cadence-innovus-init/checkpoints/design.checkpoint/save.enc.dat/ProcDpathAluWrapper.fp.spr.gz (Created by Innovus v20.12-s088_1 on Thu Apr 13 15:24:19 2023, version: 1)
Ending "Read special route file" (total cpu=0:00:00.0, real=0:00:00.0, peak res=736.8M, current mem=736.8M)
Extracting standard cell pins and blockage ...... 
Pin and blockage extraction finished
% End Load floorplan data ... (date=04/13 15:24:45, total cpu=0:00:00.1, real=0:00:01.0, peak res=737.3M, current mem=737.3M)
Reading congestion map file /home/ezw2/ece5745/ASIC_final_subword/asic/build_final_proj_ALU/5-brg-cadence-innovus-init/checkpoints/design.checkpoint/save.enc.dat/ProcDpathAluWrapper.route.congmap.gz ...
% Begin Load SymbolTable ... (date=04/13 15:24:45, mem=738.2M)
% End Load SymbolTable ... (date=04/13 15:24:45, total cpu=0:00:00.0, real=0:00:00.0, peak res=738.4M, current mem=738.4M)
Loading place ...
% Begin Load placement data ... (date=04/13 15:24:45, mem=738.4M)
Reading placement file - /home/ezw2/ece5745/ASIC_final_subword/asic/build_final_proj_ALU/5-brg-cadence-innovus-init/checkpoints/design.checkpoint/save.enc.dat/ProcDpathAluWrapper.place.gz.
** Reading stdCellPlacement_binary (Created by Innovus v20.12-s088_1 on Thu Apr 13 15:24:20 2023, version# 2) ...
Read Views for adaptive view pruning ...
Read 0 views from Binary DB for adaptive view pruning
*** Completed restorePlace (cpu=0:00:00.0 real=0:00:00.0 mem=1368.2M) ***
Total net length = 1.768e+00 (8.840e-01 8.840e-01) (ext = 1.110e-01)
% End Load placement data ... (date=04/13 15:24:45, total cpu=0:00:00.0, real=0:00:00.0, peak res=738.5M, current mem=738.5M)
% Begin Load routing data ... (date=04/13 15:24:45, mem=738.6M)
Reading routing file - /home/ezw2/ece5745/ASIC_final_subword/asic/build_final_proj_ALU/5-brg-cadence-innovus-init/checkpoints/design.checkpoint/save.enc.dat/ProcDpathAluWrapper.route.gz.
Reading Innovus routing data (Created by Innovus v20.12-s088_1 on Thu Apr 13 15:24:20 2023 Format: 20.1) ...
*** Total 1775 nets are successfully restored.
*** Completed restoreRoute (cpu=0:00:00.0 real=0:00:00.0 mem=1369.2M) ***
% End Load routing data ... (date=04/13 15:24:45, total cpu=0:00:00.0, real=0:00:00.0, peak res=743.7M, current mem=742.7M)
TAT_INFO: restoreCongMap REAL = 0 : CPU = 0 : MEM = 0.
Reading property file /home/ezw2/ece5745/ASIC_final_subword/asic/build_final_proj_ALU/5-brg-cadence-innovus-init/checkpoints/design.checkpoint/save.enc.dat/ProcDpathAluWrapper.prop
*** Completed restoreProperty (cpu=0:00:00.0 real=0:00:00.0 mem=1310.2M) ***
Set Default Input Pin Transition as 0.1 ps.
Extraction setup Started 
Initializing multi-corner RC extraction with 1 active RC Corners ...
Reading Capacitance Table File ./inputs/adk/rtk-typical.captable ...
Cap table was created using Encounter 08.10-p004_1.
Process name: master_techFreePDK45.
Importing multi-corner RC tables ... 
Summary of Active RC-Corners : 
 
 Analysis View: analysis_default
    RC-Corner Name        : typical
    RC-Corner Index       : 0
    RC-Corner Temperature : 25 Celsius
    RC-Corner Cap Table   : './inputs/adk/rtk-typical.captable'
    RC-Corner PreRoute Res Factor         : 1
    RC-Corner PreRoute Cap Factor         : 1
    RC-Corner PostRoute Res Factor        : 1 {1 1 1}
    RC-Corner PostRoute Cap Factor        : 1 {1 1 1}
    RC-Corner PostRoute XCap Factor       : 1 {1 1 1}
    RC-Corner PreRoute Clock Res Factor   : 1	[Derived from postRoute_res (effortLevel low)]
    RC-Corner PreRoute Clock Cap Factor   : 1	[Derived from postRoute_cap (effortLevel low)]
    RC-Corner PostRoute Clock Cap Factor  : 1 {1 1 1} 	[Derived from postRoute_cap (effortLevel low)]
    RC-Corner PostRoute Clock Res Factor  : 1 {1 1 1} 	[Derived from postRoute_res (effortLevel low)]
Updating RC grid for preRoute extraction ...
Initializing multi-corner capacitance tables ... 
Initializing multi-corner resistance tables ...
Start generating vias ..
#Skip building auto via since it is not turned on.
Extracting standard cell pins and blockage ...... 
Pin and blockage extraction finished
Via generation completed.
% Begin Load power constraints ... (date=04/13 15:24:46, mem=761.9M)
% End Load power constraints ... (date=04/13 15:24:46, total cpu=0:00:00.0, real=0:00:00.0, peak res=762.0M, current mem=762.0M)
delay_default
% Begin load AAE data ... (date=04/13 15:24:46, mem=802.6M)
% End load AAE data ... (date=04/13 15:24:46, total cpu=0:00:00.0, real=0:00:00.0, peak res=802.6M, current mem=802.6M)
Total number of combinational cells: 99
Total number of sequential cells: 29
Total number of tristate cells: 6
Total number of level shifter cells: 0
Total number of power gating cells: 0
Total number of isolation cells: 0
Total number of power switch cells: 0
Total number of pulse generator cells: 0
Total number of always on buffers: 0
Total number of retention cells: 0
List of usable buffers: BUF_X1 BUF_X2 BUF_X4 BUF_X8 BUF_X16 BUF_X32 CLKBUF_X1 CLKBUF_X2 CLKBUF_X3
Total number of usable buffers: 9
List of unusable buffers:
Total number of unusable buffers: 0
List of usable inverters: INV_X1 INV_X2 INV_X4 INV_X8 INV_X16 INV_X32
Total number of usable inverters: 6
List of unusable inverters:
Total number of unusable inverters: 0
List of identified usable delay cells:
Total number of identified usable delay cells: 0
List of identified unusable delay cells:
Total number of identified unusable delay cells: 0
No delay cells were detected in the set of buffers. Buffers will be used to fix hold violations.
**WARN: (IMPCTE-107):	The following globals have been obsoleted since version 20.12-s088_1. They will be removed in the next release. 
timing_enable_default_delay_arc
#% End load design ... (date=04/13 15:24:46, total cpu=0:00:02.4, real=0:00:03.0, peak res=833.1M, current mem=802.6M)

*** Summary of all messages that are not suppressed in this session:
Severity  ID               Count  Summary                                  
WARNING   IMPOPT-3602          5  The specified path group name %s is not ...
WARNING   IMPCTE-107           1  The following globals have been obsolete...
*** Message Summary: 6 warning(s), 0 error(s)

### Start verbose source output (echo mode) for 'scripts/main.tcl' ...
# set floorplan_margin [expr { 2 * ($ADK_PWR_RING_WIDTH  + $ADK_PWR_RING_SPACING) + $ADK_PWR_RING_SPACING }]
# floorplan -r $env(aspect_ratio) 0.70 $floorplan_margin $floorplan_margin $floorplan_margin $floorplan_margin
<CMD> floorPlan -r 1.0 0.70 37.4 37.4 37.4 37.4
Generated pitch 1.68 in metal10 is different from 1.6 defined in technology file in preferred direction.
Generated pitch 0.84 in metal8 is different from 0.8 defined in technology file in preferred direction.
Generated pitch 0.84 in metal7 is different from 0.8 defined in technology file in preferred direction.
# foreach net $ADK_PWR_NETS {
  globalNetConnect $net -type tiehi -pin $net -all -verbose
  globalNetConnect $net -type pgpin -pin $net -all -verbose
}
<CMD> globalNetConnect VDD -type tiehi -pin VDD -all -verbose
<CMD> globalNetConnect VDD -type pgpin -pin VDD -all -verbose
1625 new pwr-pin connections were made to global net 'VDD'.
<CMD> globalNetConnect VPWR -type tiehi -pin VPWR -all -verbose
<CMD> globalNetConnect VPWR -type pgpin -pin VPWR -all -verbose
**WARN: (IMPDB-1261):	No PG pin 'VPWR' in instances with basename '*' in the design.
**ERROR: (IMPDB-1221):	A global net connection rule was specified to connect power pins with the name pattern 'VPWR' to a global net.  But the connections cannot be made because there is no such power pin with name matching the pattern in any cell.  Check the pin name in Lef or liberty and make sure it is correct.
# foreach net $ADK_GND_NETS {
  globalNetConnect $net -type tielo -pin $net -all -verbose
  globalNetConnect $net -type pgpin -pin $net -all -verbose
}
<CMD> globalNetConnect VSS -type tielo -pin VSS -all -verbose
<CMD> globalNetConnect VSS -type pgpin -pin VSS -all -verbose
1625 new gnd-pin connections were made to global net 'VSS'.
<CMD> globalNetConnect VGND -type tielo -pin VGND -all -verbose
<CMD> globalNetConnect VGND -type pgpin -pin VGND -all -verbose
**WARN: (IMPDB-1261):	No PG pin 'VGND' in instances with basename '*' in the design.
**ERROR: (IMPDB-1221):	A global net connection rule was specified to connect ground pins with the name pattern 'VGND' to a global net.  But the connections cannot be made because there is no such ground pin with name matching the pattern in any cell.  Check the pin name in Lef or liberty and make sure it is correct.
# set pmesh_bot $ADK_POWER_MESH_BOT_LAYER
# set pmesh_top $ADK_POWER_MESH_TOP_LAYER
# sroute -nets $ADK_PWR_NET_LIST
<CMD> sroute -nets {VDD VSS}
#% Begin sroute (date=04/13 15:24:46, mem=803.5M)
*** Begin SPECIAL ROUTE on Thu Apr 13 15:24:46 2023 ***
SPECIAL ROUTE ran on directory: /home/ezw2/ece5745/ASIC_final_subword/asic/build_final_proj_ALU/7-brg-cadence-innovus-blocksetup
SPECIAL ROUTE ran on machine: en-ec-ecelinux-01.coecis.cornell.edu (Linux 3.10.0-1160.76.1.el7.x86_64 Xeon 2.29Ghz)

Begin option processing ...
srouteConnectPowerBump set to false
routeSelectNet set to "VDD VSS"
routeSpecial set to true
srouteConnectConverterPin set to false
srouteFollowCorePinEnd set to 3
srouteJogControl set to "preferWithChanges differentLayer"
sroutePadPinAllPorts set to true
sroutePreserveExistingRoutes set to true
srouteRoutePowerBarPortOnBothDir set to true
End option processing: cpu: 0:00:00, real: 0:00:00, peak: 2431.00 megs.

Reading DB technology information...
Finished reading DB technology information.
Reading floorplan and netlist information...
Finished reading floorplan and netlist information.
Read in 20 layers, 10 routing layers, 1 overlap layer
Read in 134 macros, 31 used
Read in 31 components
  31 core components: 31 unplaced, 0 placed, 0 fixed
Read in 111 logical pins
Read in 111 nets
Read in 4 special nets
Read in 62 terminals
2 nets selected.

Begin power routing ...
**WARN: (IMPSR-1254):	Unable to connect the specified objects, since block pins of the VDD net were not found in the design. Check netlist or change the parameter value to include block pins in the design.
**WARN: (IMPSR-1256):	Unable to find any CORE class pad pin of the VDD net due to unavailability of the pin or check netlist in the routing area or layer. Change routing area or layer to include the expected pin or check netlist. Alternatively, change port class in the technology file.
Type 'man IMPSR-1256' for more detail.
Cannot find any AREAIO class pad pin of net VDD. Check net list, or change port class in the technology file, or change option to include pin in given range.
**WARN: (IMPSR-1254):	Unable to connect the specified objects, since block pins of the VSS net were not found in the design. Check netlist or change the parameter value to include block pins in the design.
**WARN: (IMPSR-1256):	Unable to find any CORE class pad pin of the VSS net due to unavailability of the pin or check netlist in the routing area or layer. Change routing area or layer to include the expected pin or check netlist. Alternatively, change port class in the technology file.
Type 'man IMPSR-1256' for more detail.
Cannot find any AREAIO class pad pin of net VSS. Check net list, or change port class in the technology file, or change option to include pin in given range.
CPU time for FollowPin 0 seconds
CPU time for FollowPin 0 seconds
  Number of IO ports routed: 0
  Number of Block ports routed: 0
  Number of Stripe ports routed: 0
  Number of Core ports routed: 0  open: 82
  Number of Pad ports routed: 0
  Number of Power Bump ports routed: 0
  Number of Followpin connections: 41
End power routing: cpu: 0:00:00, real: 0:00:00, peak: 2503.00 megs.



 Begin updating DB with routing results ...
 Updating DB with 0 via definition ...
sroute created 41 wires.
ViaGen created 0 via, deleted 0 via to avoid violation.
+--------+----------------+----------------+
|  Layer |     Created    |     Deleted    |
+--------+----------------+----------------+
| metal1 |       41       |       NA       |
+--------+----------------+----------------+
#% End sroute (date=04/13 15:24:46, total cpu=0:00:00.2, real=0:00:00.0, peak res=817.6M, current mem=817.6M)
# addRing -nets {VDD VSS} -type core_rings -follow core   \
        -layer [list top  $pmesh_top bottom $pmesh_top  \
                     left $pmesh_bot right  $pmesh_bot] \
        -width $ADK_PWR_RING_WIDTH                      \
        -spacing $ADK_PWR_RING_SPACING                  \
        -offset $ADK_PWR_RING_SPACING                   \
        -extend_corner {tl tr bl br lt lb rt rb}
<CMD> addRing -nets {VDD VSS} -type core_rings -follow core -layer {top 7 bottom 7 left 6 right 6} -width 11.5 -spacing 4.80 -offset 4.80 -extend_corner {tl tr bl br lt lb rt rb}
#% Begin addRing (date=04/13 15:24:46, mem=817.6M)

Loading cell geometries (cpu: 0:00:00.0, real: 0:00:00.0, peak mem: 1510.1M)
Ring generation is complete.
vias are now being generated.
addRing created 8 wires.
ViaGen created 8 vias, deleted 0 via to avoid violation.
+--------+----------------+----------------+
|  Layer |     Created    |     Deleted    |
+--------+----------------+----------------+
| metal6 |        4       |       NA       |
|  via6  |        8       |        0       |
| metal7 |        4       |       NA       |
+--------+----------------+----------------+
#% End addRing (date=04/13 15:24:46, total cpu=0:00:00.0, real=0:00:00.0, peak res=819.1M, current mem=819.1M)
# set base_layer_idx 0
# set M1_min_width    [dbGet [dbGetLayerByZ [expr $base_layer_idx + 1]].minWidth]
# set M1_route_pitchX [dbGet [dbGetLayerByZ [expr $base_layer_idx + 1]].pitchX]
# set pmesh_bot_str_width [expr  8 *  3 * $M1_min_width   ]
# set pmesh_bot_str_pitch [expr 4 * 10 * $M1_route_pitchX]
# set pmesh_bot_str_intraset_spacing [expr $pmesh_bot_str_pitch - $pmesh_bot_str_width]
# set pmesh_bot_str_interset_pitch   [expr 2*$pmesh_bot_str_pitch]
# setViaGenMode -reset
<CMD> setViaGenMode -reset
-ignore_viarule_enclosure true
-optimize_cross_via false
# setViaGenMode -viarule_preference default
<CMD> setViaGenMode -viarule_preference default
Setting -viarule_preference to default order. ViaGen will consider via rule priority based on the order of appearance in the technology file.
# setViaGenMode -ignore_DRC false
<CMD> setViaGenMode -ignore_DRC false
Setting -ignore_DRC to 0. ViaGen will do DRC check while creating vias.
# setAddStripeMode -reset
<CMD> setAddStripeMode -reset
# setAddStripeMode -stacked_via_bottom_layer [expr $base_layer_idx + 1] \
                 -stacked_via_top_layer    $pmesh_top
<CMD> setAddStripeMode -stacked_via_bottom_layer 1 -stacked_via_top_layer 7
# addStripe -nets {VSS VDD} -layer $pmesh_bot -direction vertical \
    -width $pmesh_bot_str_width                                 \
    -spacing $pmesh_bot_str_intraset_spacing                    \
    -set_to_set_distance $pmesh_bot_str_interset_pitch          \
    -max_same_layer_jog_length $pmesh_bot_str_pitch             \
    -padcore_ring_bottom_layer_limit $pmesh_bot                 \
    -padcore_ring_top_layer_limit $pmesh_top                    \
    -start [expr $pmesh_bot_str_pitch]
<CMD> addStripe -nets {VSS VDD} -layer 6 -direction vertical -width 1.68 -spacing 3.92 -set_to_set_distance 11.2 -max_same_layer_jog_length 5.6 -padcore_ring_bottom_layer_limit 6 -padcore_ring_top_layer_limit 7 -start 5.6
#% Begin addStripe (date=04/13 15:24:46, mem=819.1M)

Initialize fgc environment(mem: 1510.1M) ...  fail and won't use fgc to check drc(cpu: 0:00:00.0, real: 0:00:00.0, peak mem: 1510.1M)
Loading cell geometries (cpu: 0:00:00.0, real: 0:00:00.0, peak mem: 1510.1M)
Loading wires (cpu: 0:00:00.0, real: 0:00:00.0, peak mem: 1510.1M)
Loading via instances (cpu: 0:00:00.0, real: 0:00:00.0, peak mem: 1510.1M)
Starting stripe generation ...
Non-Default Mode Option Settings :
  NONE
**WARN: (IMPPP-354):	The power planner did not generate the vertical stripe at 6.440000 4.920000 6.440000 114.620003 with width 1.680000 due to one of these reasons: the stripe would merge with rings, the stripe could not connect to any legal target, or the stripe would break the design rule.
Type 'man IMPPP-354' for more detail.
**WARN: (IMPPP-354):	The power planner did not generate the vertical stripe at 17.639999 4.920000 17.639999 114.620003 with width 1.680000 due to one of these reasons: the stripe would merge with rings, the stripe could not connect to any legal target, or the stripe would break the design rule.
Type 'man IMPPP-354' for more detail.
**WARN: (IMPPP-354):	The power planner did not generate the vertical stripe at 23.240000 21.219999 23.240000 98.320000 with width 1.680000 due to one of these reasons: the stripe would merge with rings, the stripe could not connect to any legal target, or the stripe would break the design rule.
Type 'man IMPPP-354' for more detail.
**WARN: (IMPPP-354):	The power planner did not generate the vertical stripe at 28.840000 4.920000 28.840000 114.620003 with width 1.680000 due to one of these reasons: the stripe would merge with rings, the stripe could not connect to any legal target, or the stripe would break the design rule.
Type 'man IMPPP-354' for more detail.
**WARN: (IMPPP-354):	The power planner did not generate the vertical stripe at 34.439999 21.219999 34.439999 98.320000 with width 1.680000 due to one of these reasons: the stripe would merge with rings, the stripe could not connect to any legal target, or the stripe would break the design rule.
Type 'man IMPPP-354' for more detail.
Stripe generation is complete.
vias are now being generated.
addStripe created 10 wires.
ViaGen created 1045 vias, deleted 0 via to avoid violation.
+--------+----------------+----------------+
|  Layer |     Created    |     Deleted    |
+--------+----------------+----------------+
|  via1  |       205      |        0       |
|  via2  |       205      |        0       |
|  via3  |       205      |        0       |
|  via4  |       205      |        0       |
|  via5  |       205      |        0       |
| metal6 |       10       |       NA       |
|  via6  |       20       |        0       |
+--------+----------------+----------------+
#% End addStripe (date=04/13 15:24:46, total cpu=0:00:00.0, real=0:00:00.0, peak res=820.4M, current mem=820.4M)
# set pmesh_top_str_width [expr  8 *  3 * $M1_min_width   ]
# set pmesh_top_str_pitch [expr 4 * 10 * $M1_route_pitchX]
# set pmesh_top_str_intraset_spacing [expr $pmesh_top_str_pitch - $pmesh_top_str_width]
# set pmesh_top_str_interset_pitch   [expr 2*$pmesh_top_str_pitch]
# setViaGenMode -reset
<CMD> setViaGenMode -reset
# setViaGenMode -viarule_preference default
<CMD> setViaGenMode -viarule_preference default
Setting -viarule_preference to default order. ViaGen will consider via rule priority based on the order of appearance in the technology file.
# setViaGenMode -ignore_DRC false
<CMD> setViaGenMode -ignore_DRC false
Setting -ignore_DRC to 0. ViaGen will do DRC check while creating vias.
# setAddStripeMode -reset
<CMD> setAddStripeMode -reset
-stacked_via_bottom_layer bottomLayer
-stacked_via_top_layer topLayer
# setAddStripeMode -stacked_via_bottom_layer $pmesh_bot \
                 -stacked_via_top_layer    $pmesh_top
<CMD> setAddStripeMode -stacked_via_bottom_layer 6 -stacked_via_top_layer 7
# addStripe -nets {VSS VDD} -layer $pmesh_top -direction horizontal \
    -width $pmesh_top_str_width                                   \
    -spacing $pmesh_top_str_intraset_spacing                      \
    -set_to_set_distance $pmesh_top_str_interset_pitch            \
    -max_same_layer_jog_length $pmesh_top_str_pitch               \
    -padcore_ring_bottom_layer_limit $pmesh_bot                   \
    -padcore_ring_top_layer_limit $pmesh_top                      \
    -start [expr $pmesh_top_str_pitch]
<CMD> addStripe -nets {VSS VDD} -layer 7 -direction horizontal -width 1.68 -spacing 3.92 -set_to_set_distance 11.2 -max_same_layer_jog_length 5.6 -padcore_ring_bottom_layer_limit 6 -padcore_ring_top_layer_limit 7 -start 5.6
#% Begin addStripe (date=04/13 15:24:46, mem=820.4M)

Initialize fgc environment(mem: 1510.1M) ...  fail and won't use fgc to check drc(cpu: 0:00:00.0, real: 0:00:00.0, peak mem: 1510.1M)
Loading cell geometries (cpu: 0:00:00.0, real: 0:00:00.0, peak mem: 1510.1M)
Loading wires (cpu: 0:00:00.0, real: 0:00:00.0, peak mem: 1510.1M)
Loading via instances (cpu: 0:00:00.0, real: 0:00:00.0, peak mem: 1510.1M)
Starting stripe generation ...
Non-Default Mode Option Settings :
  NONE
**WARN: (IMPPP-354):	The power planner did not generate the horizontal stripe at 4.830000 17.639999 115.150002 17.639999 with width 1.680000 due to one of these reasons: the stripe would merge with rings, the stripe could not connect to any legal target, or the stripe would break the design rule.
Type 'man IMPPP-354' for more detail.
**WARN: (IMPPP-354):	The power planner did not generate the horizontal stripe at 4.830000 28.840000 115.150002 28.840000 with width 1.680000 due to one of these reasons: the stripe would merge with rings, the stripe could not connect to any legal target, or the stripe would break the design rule.
Type 'man IMPPP-354' for more detail.
**WARN: (IMPPP-354):	The power planner did not generate the horizontal stripe at 21.129999 34.439999 98.849998 34.439999 with width 1.680000 due to one of these reasons: the stripe would merge with rings, the stripe could not connect to any legal target, or the stripe would break the design rule.
Type 'man IMPPP-354' for more detail.
Stripe generation is complete.
vias are now being generated.
addStripe created 10 wires.
ViaGen created 70 vias, deleted 0 via to avoid violation.
+--------+----------------+----------------+
|  Layer |     Created    |     Deleted    |
+--------+----------------+----------------+
|  via6  |       70       |        0       |
| metal7 |       10       |       NA       |
+--------+----------------+----------------+
#% End addStripe (date=04/13 15:24:46, total cpu=0:00:00.0, real=0:00:00.0, peak res=820.4M, current mem=820.4M)
### End verbose source output for 'scripts/main.tcl'.
<CMD> getVersion
<CMD> saveDesign ./checkpoints/design.checkpoint/save.enc -user_path
#% Begin save design ... (date=04/13 15:24:46, mem=820.6M)
% Begin Save ccopt configuration ... (date=04/13 15:24:46, mem=823.6M)
% End Save ccopt configuration ... (date=04/13 15:24:46, total cpu=0:00:00.0, real=0:00:00.0, peak res=824.5M, current mem=824.5M)
% Begin Save netlist data ... (date=04/13 15:24:46, mem=824.7M)
Writing Binary DB to ./checkpoints/design.checkpoint/save.enc.dat/ProcDpathAluWrapper.v.bin in single-threaded mode...
% End Save netlist data ... (date=04/13 15:24:47, total cpu=0:00:00.0, real=0:00:00.0, peak res=824.8M, current mem=824.8M)
Saving symbol-table file ...
Saving congestion map file ./checkpoints/design.checkpoint/save.enc.dat/ProcDpathAluWrapper.route.congmap.gz ...
% Begin Save AAE data ... (date=04/13 15:24:47, mem=824.9M)
Saving AAE Data ...
% End Save AAE data ... (date=04/13 15:24:47, total cpu=0:00:00.0, real=0:00:00.0, peak res=824.9M, current mem=824.9M)
Saving preference file ./checkpoints/design.checkpoint/save.enc.dat/gui.pref.tcl ...
Saving mode setting ...
Saving global file ...
% Begin Save floorplan data ... (date=04/13 15:24:47, mem=827.0M)
Saving floorplan file ...
% End Save floorplan data ... (date=04/13 15:24:48, total cpu=0:00:00.0, real=0:00:01.0, peak res=827.1M, current mem=827.1M)
Saving PG file ./checkpoints/design.checkpoint/save.enc.dat/ProcDpathAluWrapper.pg.gz, version#2, (Created by Innovus v20.12-s088_1 on Thu Apr 13 15:24:48 2023)
*** Completed savePGFile (cpu=0:00:00.0 real=0:00:00.0 mem=1508.7M) ***
Saving Drc markers ...
... 82 markers are saved ...
... 0 geometry drc markers are saved ...
... 0 antenna drc markers are saved ...
% Begin Save placement data ... (date=04/13 15:24:48, mem=827.2M)
** Saving stdCellPlacement_binary (version# 2) ...
Save Adaptive View Pruning View Names to Binary file
% End Save placement data ... (date=04/13 15:24:48, total cpu=0:00:00.0, real=0:00:00.0, peak res=827.3M, current mem=827.3M)
% Begin Save routing data ... (date=04/13 15:24:48, mem=827.3M)
Saving route file ...
*** Completed saveRoute (cpu=0:00:00.0 real=0:00:00.0 mem=1508.7M) ***
% End Save routing data ... (date=04/13 15:24:48, total cpu=0:00:00.0, real=0:00:00.0, peak res=827.3M, current mem=827.3M)
Saving property file ./checkpoints/design.checkpoint/save.enc.dat/ProcDpathAluWrapper.prop
*** Completed saveProperty (cpu=0:00:00.0 real=0:00:00.0 mem=1511.7M) ***
% Begin Save power constraints data ... (date=04/13 15:24:48, mem=827.8M)
% End Save power constraints data ... (date=04/13 15:24:48, total cpu=0:00:00.0, real=0:00:00.0, peak res=827.9M, current mem=827.9M)
typical
Generated self-contained design save.enc.dat
#% End save design ... (date=04/13 15:24:49, total cpu=0:00:00.8, real=0:00:03.0, peak res=858.6M, current mem=830.7M)
*** Message Summary: 0 warning(s), 0 error(s)


*** Memory Usage v#1 (Current mem = 1527.820M, initial mem = 389.527M) ***
*** Message Summary: 20 warning(s), 2 error(s)

--- Ending "Innovus" (totcpu=0:00:18.0, real=0:00:21.0, mem=1527.8M) ---
