This file contains any messages produced by compilers while
running configure, to aid debugging if configure makes a mistake.

It was created by ECE4750 Software configure ?, which was
generated by GNU Autoconf 2.69.  Invocation command line was

  $ ../configure --host=riscv32-unknown-elf

## --------- ##
## Platform. ##
## --------- ##

hostname = en-ec-ecelinux-01.coecis.cornell.edu
uname -m = x86_64
uname -r = 3.10.0-1160.76.1.el7.x86_64
uname -s = Linux
uname -v = #1 SMP Wed Aug 10 16:21:17 UTC 2022

/usr/bin/uname -p = x86_64
/bin/uname -X     = unknown

/bin/arch              = x86_64
/usr/bin/arch -k       = unknown
/usr/convex/getsysinfo = unknown
/usr/bin/hostinfo      = unknown
/bin/machine           = unknown
/usr/bin/oslevel       = unknown
/bin/universe          = unknown

PATH: /classes/ece5745/install/bare-pkgs/x86_64-rhel7/pkgs/bsc-2022.01/bin
PATH: /classes/ece5745/install/bare-pkgs/x86_64-rhel7/pkgs/OpenRAM-1.1.14/compiler/bin
PATH: /classes/ece5745/install/bare-pkgs/x86_64-rhel7/pkgs/klayout-0.26.10/bin-release
PATH: /opt/cadence/INNOVUS201/bin
PATH: /opt/cadence/INNOVUS201/tools/bin
PATH: /opt/cadence/INNOVUS201/tools
PATH: /opt/cadence/INNOVUS201/tools.lnx86/lib/64bit
PATH: /opt/cadence/GENUS201/bin
PATH: /opt/cadence/GENUS201/
PATH: /opt/synopsys/customcompiler/R-2020.12//bin
PATH: /opt/synopsys/lc/R-2020.09-SP2//bin
PATH: /opt/synopsys/lc/R-2020.09-SP2//linux64/lc/bin
PATH: /opt/synopsys/vcs/R-2020.12/bin
PATH: /opt/synopsys/vcs/R-2020.12/linux64/bin
PATH: /opt/synopsys/vcs/R-2020.12/gui/dve
PATH: /opt/synopsys/prime/R-2020.09-SP2/bin
PATH: /opt/synopsys/mw/R-2020.09-SP2/bin/linux64
PATH: /opt/synopsys/syn/R-2020-09.SP2//bin
PATH: /opt/synopsys/syn/R-2020-09.SP2//linux64/bin
PATH: /classes/ece5745/install/rvm-pkgs/x86_64-rhel7/gems/ruby-3.0.0/bin
PATH: /classes/ece5745/install/rvm-pkgs/x86_64-rhel7/gems/ruby-3.0.0@global/bin
PATH: /classes/ece5745/install/rvm-pkgs/x86_64-rhel7/rubies/ruby-3.0.0/bin
PATH: /classes/ece5745/install/venv-pkgs/x86_64-rhel7/pypy3-pymtl3-7.3.3/bin
PATH: /home/ezw2/install/stow-pkgs/x86_64-rhel7/bin
PATH: /home/ezw2/install/stow-pkgs/noarch/bin
PATH: /classes/ece5745/install/stow-pkgs/x86_64-rhel7/bin
PATH: /classes/ece5745/install/stow-pkgs/noarch/bin
PATH: /usr/lib64/qt-3.3/bin
PATH: /usr/local/bin
PATH: /usr/bin
PATH: /usr/local/sbin
PATH: /usr/sbin
PATH: /classes/setup
PATH: /classes/setup
PATH: /classes/ece5745/install/rvm-pkgs/x86_64-rhel7/bin
PATH: /home/ezw2/.local/bin
PATH: /home/ezw2/bin


## ----------- ##
## Core tests. ##
## ----------- ##

configure:1815: checking build system type
configure:1829: result: x86_64-unknown-linux-gnu
configure:1849: checking host system type
configure:1862: result: riscv32-unknown-elf
configure:1896: checking for riscv32-unknown-elf-gcc
configure:1912: found /classes/ece5745/install/stow-pkgs/x86_64-rhel7/bin/riscv32-unknown-elf-gcc
configure:1923: result: riscv32-unknown-elf-gcc
configure:2192: checking for C compiler version
configure:2201: riscv32-unknown-elf-gcc --version >&5
riscv32-unknown-elf-gcc (GCC) 5.3.0
Copyright (C) 2015 Free Software Foundation, Inc.
This is free software; see the source for copying conditions.  There is NO
warranty; not even for MERCHANTABILITY or FITNESS FOR A PARTICULAR PURPOSE.

configure:2212: $? = 0
configure:2201: riscv32-unknown-elf-gcc -v >&5
Using built-in specs.
COLLECT_GCC=riscv32-unknown-elf-gcc
COLLECT_LTO_WRAPPER=/classes/ece5745/install/stow-pkgs/x86_64-rhel7/pkgs/riscv-gnu-toolchain-0.0-424-g728afcd/libexec/gcc/riscv32-unknown-elf/5.3.0/lto-wrapper
Target: riscv32-unknown-elf
Configured with: /home/cb535/vc/git-hub/riscv/riscv-tools/riscv-gnu-toolchain/build/src/newlib-gcc/configure --target=riscv32-unknown-elf --prefix=/classes/ece5745/install/stow-pkgs/x86_64-rhel7/pkgs/riscv-gnu-toolchain-0.0-424-g728afcd --disable-shared --disable-threads --enable-tls --enable-languages=c,c++ --with-newlib --disable-libmudflap --disable-libssp --disable-libquadmath --disable-libgomp --disable-nls --disable-multilib --with-arch=IM
Thread model: single
gcc version 5.3.0 (GCC) 
configure:2212: $? = 0
configure:2201: riscv32-unknown-elf-gcc -V >&5
riscv32-unknown-elf-gcc: error: unrecognized command line option '-V'
riscv32-unknown-elf-gcc: fatal error: no input files
compilation terminated.
configure:2212: $? = 1
configure:2201: riscv32-unknown-elf-gcc -qversion >&5
riscv32-unknown-elf-gcc: error: unrecognized command line option '-qversion'
riscv32-unknown-elf-gcc: fatal error: no input files
compilation terminated.
configure:2212: $? = 1
configure:2232: checking whether the C compiler works
configure:2254: riscv32-unknown-elf-gcc    conftest.c  >&5
configure:2258: $? = 0
configure:2306: result: yes
configure:2309: checking for C compiler default output file name
configure:2311: result: a.out
configure:2317: checking for suffix of executables
configure:2324: riscv32-unknown-elf-gcc -o conftest    conftest.c  >&5
configure:2328: $? = 0
configure:2350: result: 
configure:2372: checking whether we are cross compiling
configure:2380: riscv32-unknown-elf-gcc -o conftest    conftest.c  >&5
configure:2384: $? = 0
configure:2391: ./conftest
../configure: line 2393: ./conftest: cannot execute binary file
configure:2395: $? = 126
configure:2410: result: yes
configure:2415: checking for suffix of object files
configure:2437: riscv32-unknown-elf-gcc -c   conftest.c >&5
configure:2441: $? = 0
configure:2462: result: o
configure:2466: checking whether we are using the GNU C compiler
configure:2485: riscv32-unknown-elf-gcc -c   conftest.c >&5
configure:2485: $? = 0
configure:2494: result: yes
configure:2503: checking whether riscv32-unknown-elf-gcc accepts -g
configure:2523: riscv32-unknown-elf-gcc -c -g  conftest.c >&5
configure:2523: $? = 0
configure:2564: result: yes
configure:2581: checking for riscv32-unknown-elf-gcc option to accept ISO C89
configure:2644: riscv32-unknown-elf-gcc  -c -g -O2  conftest.c >&5
configure:2644: $? = 0
configure:2657: result: none needed
configure:2693: checking for riscv32-unknown-elf-ar
configure:2709: found /classes/ece5745/install/stow-pkgs/x86_64-rhel7/bin/riscv32-unknown-elf-ar
configure:2720: result: riscv32-unknown-elf-ar
configure:2785: checking for riscv32-unknown-elf-ranlib
configure:2801: found /classes/ece5745/install/stow-pkgs/x86_64-rhel7/bin/riscv32-unknown-elf-ranlib
configure:2812: result: riscv32-unknown-elf-ranlib
configure:3144: configuring internal subproject ece4750
configure:3419: configuring internal subproject simple
configure:3694: configuring internal subproject ubmark
configure:3847: creating ./config.status

## ---------------------- ##
## Running config.status. ##
## ---------------------- ##

This file was extended by ECE4750 Software config.status ?, which was
generated by GNU Autoconf 2.69.  Invocation command line was

  CONFIG_FILES    = 
  CONFIG_HEADERS  = 
  CONFIG_LINKS    = 
  CONFIG_COMMANDS = 
  $ ./config.status 

on en-ec-ecelinux-01.coecis.cornell.edu

config.status:832: creating ece4750.mk
config.status:832: creating simple.mk
config.status:832: creating ubmark.mk
config.status:832: creating Makefile
config.status:832: creating ece4750-config.h
config.status:987: ece4750-config.h is unchanged
config.status:832: creating simple-config.h
config.status:987: simple-config.h is unchanged
config.status:832: creating ubmark-config.h
config.status:987: ubmark-config.h is unchanged

## ---------------- ##
## Cache variables. ##
## ---------------- ##

ac_cv_build=x86_64-unknown-linux-gnu
ac_cv_c_compiler_gnu=yes
ac_cv_env_CC_set=
ac_cv_env_CC_value=
ac_cv_env_CFLAGS_set=
ac_cv_env_CFLAGS_value=
ac_cv_env_CPPFLAGS_set=
ac_cv_env_CPPFLAGS_value=
ac_cv_env_LDFLAGS_set=
ac_cv_env_LDFLAGS_value=
ac_cv_env_LIBS_set=
ac_cv_env_LIBS_value=
ac_cv_env_build_alias_set=
ac_cv_env_build_alias_value=
ac_cv_env_host_alias_set=set
ac_cv_env_host_alias_value=riscv32-unknown-elf
ac_cv_env_target_alias_set=
ac_cv_env_target_alias_value=
ac_cv_host=riscv32-unknown-elf
ac_cv_objext=o
ac_cv_prog_AR=riscv32-unknown-elf-ar
ac_cv_prog_CC=riscv32-unknown-elf-gcc
ac_cv_prog_RANLIB=riscv32-unknown-elf-ranlib
ac_cv_prog_cc_c89=
ac_cv_prog_cc_g=yes

## ----------------- ##
## Output variables. ##
## ----------------- ##

AR='riscv32-unknown-elf-ar'
CC='riscv32-unknown-elf-gcc'
CFLAGS='-g -O3 -D_RISCV -std=c99 -Wall -Wextra -Wvla -Werror -Werror=vla -Wno-error=comment -Wconversion -Wuninitialized -fno-builtin -march=RV32IMXcustom'
CPPFLAGS=''
DEFS='-DHAVE_CONFIG_H'
ECHO_C=''
ECHO_N='-n'
ECHO_T=''
EXEEXT=''
LDFLAGS='-nostdlib -T../scripts/tinyrv2.ld'
LIBOBJS=''
LIBS=''
LTLIBOBJS=''
OBJEXT='o'
PACKAGE_BUGREPORT='Christopher Batten'
PACKAGE_NAME='ECE4750 Software'
PACKAGE_STRING='ECE4750 Software ?'
PACKAGE_TARNAME='ece4750'
PACKAGE_URL=''
PACKAGE_VERSION='?'
PATH_SEPARATOR=':'
RANLIB='riscv32-unknown-elf-ranlib'
SHELL='/bin/sh'
ac_ct_CC=''
bindir='${exec_prefix}/bin'
build='x86_64-unknown-linux-gnu'
build_alias=''
build_cpu='x86_64'
build_os='linux-gnu'
build_vendor='unknown'
datadir='${datarootdir}'
datarootdir='${prefix}/share'
docdir='${datarootdir}/doc/${PACKAGE_TARNAME}'
dvidir='${docdir}'
ece4750_cppflags='-I../ece4750 '
ece4750_extra_cppflags=''
ece4750_extra_ldflags=''
ece4750_extra_libs=''
ece4750_intdeps=''
ece4750_ldflags=''
ece4750_libs='-lece4750 '
ece4750_pkcdeps=''
exec_prefix='${prefix}'
host='riscv32-unknown-elf'
host_alias='riscv32-unknown-elf'
host_cpu='riscv32'
host_os='elf'
host_vendor='unknown'
htmldir='${docdir}'
includedir='${prefix}/include'
infodir='${datarootdir}/info'
libdir='${exec_prefix}/lib'
libexecdir='${exec_prefix}/libexec'
localedir='${datarootdir}/locale'
localstatedir='${prefix}/var'
mandir='${datarootdir}/man'
mcppbs_include_external=''
mcppbs_include_external_en=''
mcppbs_include_internal='ece4750 simple ubmark '
mcppbs_include_internal_en='ece4750 simple ubmark '
mcppbs_install=''
oldincludedir='/usr/include'
pdfdir='${docdir}'
prefix='/usr/local'
program_transform_name='s,x,x,'
psdir='${docdir}'
riscv_crosscompile='yes'
sbindir='${exec_prefix}/sbin'
sharedstatedir='${prefix}/com'
simple_cppflags='-I../simple -I../ece4750 '
simple_extra_cppflags=''
simple_extra_ldflags=''
simple_extra_libs=''
simple_intdeps='ece4750 '
simple_ldflags=''
simple_libs='-lsimple -lece4750 '
simple_pkcdeps='ece4750'
sysconfdir='${prefix}/etc'
target_alias=''
ubmark_cppflags='-I../ubmark -I../ece4750 '
ubmark_extra_cppflags=''
ubmark_extra_ldflags=''
ubmark_extra_libs=''
ubmark_intdeps='ece4750 '
ubmark_ldflags=''
ubmark_libs='-lubmark -lece4750 '
ubmark_pkcdeps='ece4750'

## ----------- ##
## confdefs.h. ##
## ----------- ##

/* confdefs.h */
#define PACKAGE_NAME "ECE4750 Software"
#define PACKAGE_TARNAME "ece4750"
#define PACKAGE_VERSION "?"
#define PACKAGE_STRING "ECE4750 Software ?"
#define PACKAGE_BUGREPORT "Christopher Batten"
#define PACKAGE_URL ""
#define HAVE_ECE4750 /**/
#define HAVE_SIMPLE /**/
#define HAVE_UBMARK /**/

configure: exit 0

## ---------------------- ##
## Running config.status. ##
## ---------------------- ##

This file was extended by ECE4750 Software config.status ?, which was
generated by GNU Autoconf 2.69.  Invocation command line was

  CONFIG_FILES    = 
  CONFIG_HEADERS  = 
  CONFIG_LINKS    = 
  CONFIG_COMMANDS = 
  $ ./config.status 

on en-ec-ecelinux-01.coecis.cornell.edu

config.status:832: creating ece4750.mk
config.status:832: creating simple.mk
config.status:832: creating ubmark.mk
config.status:832: creating Makefile
config.status:832: creating ece4750-config.h
config.status:987: ece4750-config.h is unchanged
config.status:832: creating simple-config.h
config.status:987: simple-config.h is unchanged
config.status:832: creating ubmark-config.h
config.status:987: ubmark-config.h is unchanged

## ---------------------- ##
## Running config.status. ##
## ---------------------- ##

This file was extended by ECE4750 Software config.status ?, which was
generated by GNU Autoconf 2.69.  Invocation command line was

  CONFIG_FILES    = 
  CONFIG_HEADERS  = 
  CONFIG_LINKS    = 
  CONFIG_COMMANDS = 
  $ ./config.status 

on en-ec-ecelinux-01.coecis.cornell.edu

config.status:832: creating ece4750.mk
config.status:832: creating simple.mk
config.status:832: creating ubmark.mk
config.status:832: creating Makefile
config.status:832: creating ece4750-config.h
config.status:987: ece4750-config.h is unchanged
config.status:832: creating simple-config.h
config.status:987: simple-config.h is unchanged
config.status:832: creating ubmark-config.h
config.status:987: ubmark-config.h is unchanged

## ---------------------- ##
## Running config.status. ##
## ---------------------- ##

This file was extended by ECE4750 Software config.status ?, which was
generated by GNU Autoconf 2.69.  Invocation command line was

  CONFIG_FILES    = 
  CONFIG_HEADERS  = 
  CONFIG_LINKS    = 
  CONFIG_COMMANDS = 
  $ ./config.status 

on en-ec-ecelinux-01.coecis.cornell.edu

config.status:832: creating ece4750.mk
config.status:832: creating simple.mk
config.status:832: creating ubmark.mk
config.status:832: creating Makefile
config.status:832: creating ece4750-config.h
config.status:987: ece4750-config.h is unchanged
config.status:832: creating simple-config.h
config.status:987: simple-config.h is unchanged
config.status:832: creating ubmark-config.h
config.status:987: ubmark-config.h is unchanged
