 
****************************************
Report : reference
Design : ProcDpathAluWrapper
Version: R-2020.09-SP2
Date   : Thu Apr 13 14:53:44 2023
****************************************

Attributes:
    b - black box (unknown)
   bo - allows boundary optimization
    d - dont_touch
   mo - map_only
    h - hierarchical
    n - noncombinational
    r - removable
    s - synthetic operator
    u - contains unmapped logic

Reference          Library       Unit Area   Count    Total Area   Attributes
-----------------------------------------------------------------------------
ProcDpathAluWrapper_proc_ProcDpathAluWrapper_0  2213.917994       1  2213.917994 b, h, n
-----------------------------------------------------------------------------
Total 1 references                                   2213.917994

****************************************
Design: ProcDpathAluWrapper_proc_ProcDpathAluWrapper_0 
****************************************
Reference          Library       Unit Area   Count    Total Area   Attributes
-----------------------------------------------------------------------------
AND2_X1            NangateOpenCellLibrary     1.064000      35    37.240000
CLKBUF_X1          NangateOpenCellLibrary     0.798000       2     1.596000
ProcDpathAluWrapper_proc_ProcDpathAlu_0  1839.390006       1  1839.390006 h
ProcDpathAluWrapper_vc_EnReg_p_nbits6_0    31.121999       1    31.121999 b, h, n
ProcDpathAluWrapper_vc_EnReg_p_nbits32_0   148.693995       1   148.693995 b, h, n
ProcDpathAluWrapper_vc_EnReg_p_nbits32_1   148.693995       1   148.693995 b, h, n
ProcDpathAluWrapper_vc_EnResetReg_p_nbits1_0     7.182000       1     7.182000 h, n
-----------------------------------------------------------------------------
Total 7 references                                   2213.917994

****************************************
Design: ProcDpathAluWrapper_proc_ProcDpathAlu_0 
****************************************
Reference          Library       Unit Area   Count    Total Area   Attributes
-----------------------------------------------------------------------------
AND2_X1            NangateOpenCellLibrary     1.064000       5     5.320000
AND3_X1            NangateOpenCellLibrary     1.330000       1     1.330000
AND4_X1            NangateOpenCellLibrary     1.596000       1     1.596000
AOI21_X1           NangateOpenCellLibrary     1.064000      33    35.112000
AOI22_X1           NangateOpenCellLibrary     1.330000     130   172.900006
AOI211_X1          NangateOpenCellLibrary     1.330000      40    53.200002
AOI221_X1          NangateOpenCellLibrary     1.596000      32    51.071999
AOI222_X1          NangateOpenCellLibrary     2.128000      17    36.176000
BUF_X1             NangateOpenCellLibrary     0.798000       2     1.596000
CLKBUF_X1          NangateOpenCellLibrary     0.798000      16    12.768000
INV_X1             NangateOpenCellLibrary     0.532000     139    73.948001
MUX2_X1            NangateOpenCellLibrary     1.862000       2     3.724000
NAND2_X1           NangateOpenCellLibrary     0.798000      70    55.859998
NAND3_X1           NangateOpenCellLibrary     1.064000       9     9.576000
NAND4_X1           NangateOpenCellLibrary     1.330000      28    37.240001
NOR2_X1            NangateOpenCellLibrary     0.798000      82    65.435998
NOR2_X2            NangateOpenCellLibrary     1.330000       2     2.660000
NOR3_X1            NangateOpenCellLibrary     1.064000       9     9.576000
NOR4_X1            NangateOpenCellLibrary     1.330000      14    18.620001
OAI21_X1           NangateOpenCellLibrary     1.064000      31    32.984000
OAI22_X1           NangateOpenCellLibrary     1.330000      44    58.520002
OAI211_X1          NangateOpenCellLibrary     1.330000      52    69.160002
OAI221_X1          NangateOpenCellLibrary     1.596000      44    70.223998
OAI222_X1          NangateOpenCellLibrary     2.128000      15    31.920000
OR4_X1             NangateOpenCellLibrary     1.596000       1     1.596000
ProcDpathAluWrapper_proc_ProcDpathAlu_DW01_add_J1_0_0    31.388000       1    31.388000 h
ProcDpathAluWrapper_proc_ProcDpathAlu_DW01_add_J1_1_0    31.388000       1    31.388000 h
ProcDpathAluWrapper_proc_ProcDpathAlu_DW01_add_J1_2_0    31.388000       1    31.388000 h
ProcDpathAluWrapper_proc_ProcDpathAlu_DW01_add_J1_3_0    31.388000       1    31.388000 h
ProcDpathAluWrapper_proc_ProcDpathAlu_DW01_add_J1_4_0   183.273998       1   183.273998 h
ProcDpathAluWrapper_proc_ProcDpathAlu_DW01_sub_J1_0_0    34.846000       1    34.846000 h
ProcDpathAluWrapper_proc_ProcDpathAlu_DW01_sub_J1_1_0    34.846000       1    34.846000 h
ProcDpathAluWrapper_proc_ProcDpathAlu_DW01_sub_J1_2_0    34.846000       1    34.846000 h
ProcDpathAluWrapper_proc_ProcDpathAlu_DW01_sub_J1_3_0    35.378000       1    35.378000 h
ProcDpathAluWrapper_proc_ProcDpathAlu_DW01_sub_J1_4_0   196.839998       1   196.839998 h
ProcDpathAluWrapper_proc_ProcDpathAlu_DW_cmp_J1_0_0   108.262001       1   108.262001 h
ProcDpathAluWrapper_proc_ProcDpathAlu_DW_cmp_J1_1_0   108.262001       1   108.262001 h
ProcDpathAluWrapper_vc_EqComparator_p_nbits32_0    65.169999       1    65.169999 h
-----------------------------------------------------------------------------
Total 38 references                                  1839.390006

****************************************
Design: ProcDpathAluWrapper_proc_ProcDpathAlu_DW01_add_J1_0_0 
****************************************
Reference          Library       Unit Area   Count    Total Area   Attributes
-----------------------------------------------------------------------------
FA_X1              NangateOpenCellLibrary     4.256000       6    25.536000 r
HA_X1              NangateOpenCellLibrary     2.660000       1     2.660000 r
XNOR2_X1           NangateOpenCellLibrary     1.596000       2     3.192000
-----------------------------------------------------------------------------
Total 3 references                                     31.388000

****************************************
Design: ProcDpathAluWrapper_proc_ProcDpathAlu_DW01_add_J1_1_0 
****************************************
Reference          Library       Unit Area   Count    Total Area   Attributes
-----------------------------------------------------------------------------
FA_X1              NangateOpenCellLibrary     4.256000       6    25.536000 r
HA_X1              NangateOpenCellLibrary     2.660000       1     2.660000 r
XNOR2_X1           NangateOpenCellLibrary     1.596000       2     3.192000
-----------------------------------------------------------------------------
Total 3 references                                     31.388000

****************************************
Design: ProcDpathAluWrapper_proc_ProcDpathAlu_DW01_add_J1_2_0 
****************************************
Reference          Library       Unit Area   Count    Total Area   Attributes
-----------------------------------------------------------------------------
FA_X1              NangateOpenCellLibrary     4.256000       6    25.536000 r
HA_X1              NangateOpenCellLibrary     2.660000       1     2.660000 r
XNOR2_X1           NangateOpenCellLibrary     1.596000       2     3.192000
-----------------------------------------------------------------------------
Total 3 references                                     31.388000

****************************************
Design: ProcDpathAluWrapper_proc_ProcDpathAlu_DW01_add_J1_3_0 
****************************************
Reference          Library       Unit Area   Count    Total Area   Attributes
-----------------------------------------------------------------------------
FA_X1              NangateOpenCellLibrary     4.256000       6    25.536000 r
HA_X1              NangateOpenCellLibrary     2.660000       1     2.660000 r
XNOR2_X1           NangateOpenCellLibrary     1.596000       2     3.192000
-----------------------------------------------------------------------------
Total 3 references                                     31.388000

****************************************
Design: ProcDpathAluWrapper_proc_ProcDpathAlu_DW01_add_J1_4_0 
****************************************
Reference          Library       Unit Area   Count    Total Area   Attributes
-----------------------------------------------------------------------------
AND3_X1            NangateOpenCellLibrary     1.330000      10    13.300000
FA_X1              NangateOpenCellLibrary     4.256000       7    29.792000 r
HA_X1              NangateOpenCellLibrary     2.660000       1     2.660000 r
NAND2_X1           NangateOpenCellLibrary     0.798000      49    39.101999
NAND3_X1           NangateOpenCellLibrary     1.064000       3     3.192000
NOR2_X1            NangateOpenCellLibrary     0.798000      10     7.980000
OAI21_X1           NangateOpenCellLibrary     1.064000      10    10.640000
XNOR2_X1           NangateOpenCellLibrary     1.596000      12    19.151999
XOR2_X1            NangateOpenCellLibrary     1.596000      36    57.455998
-----------------------------------------------------------------------------
Total 9 references                                    183.273998

****************************************
Design: ProcDpathAluWrapper_proc_ProcDpathAlu_DW01_sub_J1_0_0 
****************************************
Reference          Library       Unit Area   Count    Total Area   Attributes
-----------------------------------------------------------------------------
FA_X1              NangateOpenCellLibrary     4.256000       6    25.536000 r
INV_X1             NangateOpenCellLibrary     0.532000       7     3.724000
NAND2_X1           NangateOpenCellLibrary     0.798000       1     0.798000
XNOR2_X1           NangateOpenCellLibrary     1.596000       1     1.596000
XOR2_X1            NangateOpenCellLibrary     1.596000       2     3.192000
-----------------------------------------------------------------------------
Total 5 references                                     34.846000

****************************************
Design: ProcDpathAluWrapper_proc_ProcDpathAlu_DW01_sub_J1_1_0 
****************************************
Reference          Library       Unit Area   Count    Total Area   Attributes
-----------------------------------------------------------------------------
FA_X1              NangateOpenCellLibrary     4.256000       6    25.536000 r
INV_X1             NangateOpenCellLibrary     0.532000       7     3.724000
NAND2_X1           NangateOpenCellLibrary     0.798000       1     0.798000
XNOR2_X1           NangateOpenCellLibrary     1.596000       1     1.596000
XOR2_X1            NangateOpenCellLibrary     1.596000       2     3.192000
-----------------------------------------------------------------------------
Total 5 references                                     34.846000

****************************************
Design: ProcDpathAluWrapper_proc_ProcDpathAlu_DW01_sub_J1_2_0 
****************************************
Reference          Library       Unit Area   Count    Total Area   Attributes
-----------------------------------------------------------------------------
FA_X1              NangateOpenCellLibrary     4.256000       6    25.536000 r
INV_X1             NangateOpenCellLibrary     0.532000       7     3.724000
NAND2_X1           NangateOpenCellLibrary     0.798000       1     0.798000
XNOR2_X1           NangateOpenCellLibrary     1.596000       1     1.596000
XOR2_X1            NangateOpenCellLibrary     1.596000       2     3.192000
-----------------------------------------------------------------------------
Total 5 references                                     34.846000

****************************************
Design: ProcDpathAluWrapper_proc_ProcDpathAlu_DW01_sub_J1_3_0 
****************************************
Reference          Library       Unit Area   Count    Total Area   Attributes
-----------------------------------------------------------------------------
FA_X1              NangateOpenCellLibrary     4.256000       6    25.536000 r
INV_X1             NangateOpenCellLibrary     0.532000       8     4.256000
NAND2_X1           NangateOpenCellLibrary     0.798000       1     0.798000
XNOR2_X1           NangateOpenCellLibrary     1.596000       1     1.596000
XOR2_X1            NangateOpenCellLibrary     1.596000       2     3.192000
-----------------------------------------------------------------------------
Total 5 references                                     35.378000

****************************************
Design: ProcDpathAluWrapper_proc_ProcDpathAlu_DW01_sub_J1_4_0 
****************************************
Reference          Library       Unit Area   Count    Total Area   Attributes
-----------------------------------------------------------------------------
AND3_X1            NangateOpenCellLibrary     1.330000       6     7.980000
FA_X1              NangateOpenCellLibrary     4.256000       9    38.304000 r
INV_X1             NangateOpenCellLibrary     0.532000      31    16.492000
NAND2_X1           NangateOpenCellLibrary     0.798000      52    41.495999
NAND3_X1           NangateOpenCellLibrary     1.064000       9     9.576000
NOR2_X1            NangateOpenCellLibrary     0.798000       6     4.788000
OAI21_X1           NangateOpenCellLibrary     1.064000       6     6.384000
XNOR2_X1           NangateOpenCellLibrary     1.596000       7    11.172000
XOR2_X1            NangateOpenCellLibrary     1.596000      38    60.647998
-----------------------------------------------------------------------------
Total 9 references                                    196.839998

****************************************
Design: ProcDpathAluWrapper_proc_ProcDpathAlu_DW_cmp_J1_0_0 
****************************************
Reference          Library       Unit Area   Count    Total Area   Attributes
-----------------------------------------------------------------------------
AOI21_X1           NangateOpenCellLibrary     1.064000       7     7.448000
AOI22_X1           NangateOpenCellLibrary     1.330000       6     7.980000
AOI211_X1          NangateOpenCellLibrary     1.330000       6     7.980000
AOI221_X1          NangateOpenCellLibrary     1.596000       4     6.384000
CLKBUF_X1          NangateOpenCellLibrary     0.798000       1     0.798000
INV_X1             NangateOpenCellLibrary     0.532000      47    25.004000
NAND2_X1           NangateOpenCellLibrary     0.798000       4     3.192000
NAND3_X1           NangateOpenCellLibrary     1.064000       1     1.064000
NOR2_X1            NangateOpenCellLibrary     0.798000      17    13.566000
OAI21_X1           NangateOpenCellLibrary     1.064000      13    13.832000
OAI22_X1           NangateOpenCellLibrary     1.330000       9    11.970000
OAI211_X1          NangateOpenCellLibrary     1.330000       2     2.660000
OAI221_X1          NangateOpenCellLibrary     1.596000       3     4.788000
OR4_X1             NangateOpenCellLibrary     1.596000       1     1.596000
-----------------------------------------------------------------------------
Total 14 references                                   108.262001

****************************************
Design: ProcDpathAluWrapper_proc_ProcDpathAlu_DW_cmp_J1_1_0 
****************************************
Reference          Library       Unit Area   Count    Total Area   Attributes
-----------------------------------------------------------------------------
AOI21_X1           NangateOpenCellLibrary     1.064000       7     7.448000
AOI22_X1           NangateOpenCellLibrary     1.330000       6     7.980000
AOI211_X1          NangateOpenCellLibrary     1.330000       6     7.980000
AOI221_X1          NangateOpenCellLibrary     1.596000       4     6.384000
CLKBUF_X1          NangateOpenCellLibrary     0.798000       1     0.798000
INV_X1             NangateOpenCellLibrary     0.532000      47    25.004000
NAND2_X1           NangateOpenCellLibrary     0.798000       4     3.192000
NAND3_X1           NangateOpenCellLibrary     1.064000       1     1.064000
NOR2_X1            NangateOpenCellLibrary     0.798000      17    13.566000
OAI21_X1           NangateOpenCellLibrary     1.064000      13    13.832000
OAI22_X1           NangateOpenCellLibrary     1.330000       9    11.970000
OAI211_X1          NangateOpenCellLibrary     1.330000       2     2.660000
OAI221_X1          NangateOpenCellLibrary     1.596000       3     4.788000
OR4_X1             NangateOpenCellLibrary     1.596000       1     1.596000
-----------------------------------------------------------------------------
Total 14 references                                   108.262001

****************************************
Design: ProcDpathAluWrapper_vc_EqComparator_p_nbits32_0 
****************************************
Reference          Library       Unit Area   Count    Total Area   Attributes
-----------------------------------------------------------------------------
NAND3_X1           NangateOpenCellLibrary     1.064000       1     1.064000
NAND4_X1           NangateOpenCellLibrary     1.330000       6     7.980000
NOR3_X1            NangateOpenCellLibrary     1.064000       1     1.064000
NOR4_X1            NangateOpenCellLibrary     1.330000       3     3.990000
XNOR2_X1           NangateOpenCellLibrary     1.596000      24    38.303999
XOR2_X1            NangateOpenCellLibrary     1.596000       8    12.768000
-----------------------------------------------------------------------------
Total 6 references                                     65.169999

****************************************
Design: ProcDpathAluWrapper_vc_EnReg_p_nbits6_0 
****************************************
Reference          Library       Unit Area   Count    Total Area   Attributes
-----------------------------------------------------------------------------
DFF_X1             NangateOpenCellLibrary     4.522000       6    27.131999 n
ProcDpathAluWrapper_SNPS_CLOCK_GATE_HIGH_vc_EnReg_p_nbits6_0     3.990000       1     3.990000 b, h
-----------------------------------------------------------------------------
Total 2 references                                     31.121999

****************************************
Design: ProcDpathAluWrapper_SNPS_CLOCK_GATE_HIGH_vc_EnReg_p_nbits6_0 
****************************************
Reference          Library       Unit Area   Count    Total Area   Attributes
-----------------------------------------------------------------------------
CLKGATETST_X1      NangateOpenCellLibrary     3.990000       1     3.990000 b
-----------------------------------------------------------------------------
Total 1 references                                      3.990000

****************************************
Design: ProcDpathAluWrapper_vc_EnReg_p_nbits32_0 
****************************************
Reference          Library       Unit Area   Count    Total Area   Attributes
-----------------------------------------------------------------------------
DFF_X1             NangateOpenCellLibrary     4.522000      32   144.703995 n
ProcDpathAluWrapper_SNPS_CLOCK_GATE_HIGH_vc_EnReg_p_nbits32_0_0     3.990000       1     3.990000 b, h
-----------------------------------------------------------------------------
Total 2 references                                    148.693995

****************************************
Design: ProcDpathAluWrapper_SNPS_CLOCK_GATE_HIGH_vc_EnReg_p_nbits32_0_0 
****************************************
Reference          Library       Unit Area   Count    Total Area   Attributes
-----------------------------------------------------------------------------
CLKGATETST_X1      NangateOpenCellLibrary     3.990000       1     3.990000 b
-----------------------------------------------------------------------------
Total 1 references                                      3.990000

****************************************
Design: ProcDpathAluWrapper_vc_EnReg_p_nbits32_1 
****************************************
Reference          Library       Unit Area   Count    Total Area   Attributes
-----------------------------------------------------------------------------
DFF_X1             NangateOpenCellLibrary     4.522000      32   144.703995 n
ProcDpathAluWrapper_SNPS_CLOCK_GATE_HIGH_vc_EnReg_p_nbits32_0_1     3.990000       1     3.990000 b, h
-----------------------------------------------------------------------------
Total 2 references                                    148.693995

****************************************
Design: ProcDpathAluWrapper_SNPS_CLOCK_GATE_HIGH_vc_EnReg_p_nbits32_0_1 
****************************************
Reference          Library       Unit Area   Count    Total Area   Attributes
-----------------------------------------------------------------------------
CLKGATETST_X1      NangateOpenCellLibrary     3.990000       1     3.990000 b
-----------------------------------------------------------------------------
Total 1 references                                      3.990000

****************************************
Design: ProcDpathAluWrapper_vc_EnResetReg_p_nbits1_0 
****************************************
Reference          Library       Unit Area   Count    Total Area   Attributes
-----------------------------------------------------------------------------
AOI22_X1           NangateOpenCellLibrary     1.330000       1     1.330000
DFF_X1             NangateOpenCellLibrary     4.522000       1     4.522000 n
INV_X1             NangateOpenCellLibrary     0.532000       1     0.532000
NOR2_X1            NangateOpenCellLibrary     0.798000       1     0.798000
-----------------------------------------------------------------------------
Total 4 references                                      7.182000
1
